<?xml version="1.0" encoding="UTF-8"?>
<!-- Generated by org.testng.reporters.JUnitXMLReporter -->
<testsuite ignored="0" hostname="Mahapatra" failures="0" tests="4" name="Default test" time="32.937" errors="0" timestamp="2021-09-26T10:07:11 IST">
  <testcase classname="UrbanLadder.Search" name="Search" time="13.806"/>
  <testcase classname="UrbanLadder.Search" name="getSearchItem" time="3.426"/>
  <testcase classname="UrbanLadder.Search" name="getSearchItem" time="3.752"/>
  <testcase classname="UrbanLadder.Search" name="getSearchItem" time="5.005"/>
</testsuite> <!-- Default test -->
