<?xml version="1.0" encoding="UTF-8"?>
<!-- Generated by org.testng.reporters.JUnitXMLReporter -->
<testsuite ignored="0" hostname="Lab-637618509474497233-1" failures="0" tests="4" name="Test9" time="33.378" errors="0" timestamp="2021-09-26T16:43:58 IST">
  <testcase classname="UrbanLadder.Search" name="Search" time="15.464"/>
  <testcase classname="UrbanLadder.Search" name="getSearchItem" time="4.478"/>
  <testcase classname="UrbanLadder.Search" name="getSearchItem" time="5.075"/>
  <testcase classname="UrbanLadder.Search" name="getSearchItem" time="4.652"/>
</testsuite> <!-- Test9 -->
